TN:
SF:/Users/twer/dev/sdk/angular-cli/node_modules/angular2-template-loader/index.js!/Users/twer/dev/sdk/angular-cli/node_modules/tslint-loader/index.js!/Users/twer/private/GDE/angular-bbs/user-ui/src/test.ts
FN:17,(anonymous_1)
FN:26,(anonymous_2)
FN:33,(anonymous_3)
FN:35,(anonymous_4)
FNF:4
FNH:4
FNDA:1,(anonymous_1)
FNDA:1,(anonymous_2)
FNDA:1,(anonymous_3)
FNDA:1,(anonymous_4)
DA:1,1
DA:2,1
DA:3,1
DA:4,1
DA:5,1
DA:6,1
DA:7,1
DA:8,1
DA:9,1
DA:17,1
DA:21,1
DA:27,1
DA:33,1
DA:35,1
LF:14
LH:14
BRF:0
BRH:0
end_of_record
TN:
SF:/Users/twer/dev/sdk/angular-cli/node_modules/angular2-template-loader/index.js!/Users/twer/dev/sdk/angular-cli/node_modules/tslint-loader/index.js!/Users/twer/private/GDE/angular-bbs/user-ui/src/app/app.component.ts
FN:9,(anonymous_3)
FN:10,AppComponent
FNF:2
FNH:2
FNDA:1,(anonymous_3)
FNDA:2,AppComponent
DA:1,1
DA:4,1
DA:9,1
DA:10,1
DA:12,1
LF:5
LH:5
BRF:0
BRH:0
end_of_record
